*** Starting uWSGI 2.0.11.2 (64bit) on [Sat Oct 10 20:35:28 2015] ***
compiled with version: 4.8.2 on 10 October 2015 19:54:16
os: Linux-3.16.0-30-generic #40~14.04.1-Ubuntu SMP Thu Jan 15 17:43:14 UTC 2015
nodename: itcast
machine: x86_64
clock source: unix
pcre jit disabled
detected number of CPU cores: 1
current working directory: /home/itcast/webo/The_Girl
writing pidfile to uwsgi.pid
detected binary path: /home/itcast/.virtualenvs/itcast/bin/uwsgi
chdir() to /home/itcast/webo/The_Girl
your processes number limit is 15701
your memory page size is 4096 bytes
detected max file descriptor number: 1024
lock engine: pthread robust mutexes
thunder lock: disabled (you can enable it with --thunder-lock)
bind(): Cannot assign requested address [core/socket.c line 769]
*** Starting uWSGI 2.0.11.2 (64bit) on [Sat Oct 10 20:36:43 2015] ***
compiled with version: 4.8.2 on 10 October 2015 19:54:16
os: Linux-3.16.0-30-generic #40~14.04.1-Ubuntu SMP Thu Jan 15 17:43:14 UTC 2015
nodename: itcast
machine: x86_64
clock source: unix
pcre jit disabled
detected number of CPU cores: 1
current working directory: /home/itcast/webo/The_Girl
writing pidfile to uwsgi.pid
detected binary path: /home/itcast/.virtualenvs/itcast/bin/uwsgi
chdir() to /home/itcast/webo/The_Girl
your processes number limit is 15701
your memory page size is 4096 bytes
detected max file descriptor number: 1024
lock engine: pthread robust mutexes
thunder lock: disabled (you can enable it with --thunder-lock)
bind(): Cannot assign requested address [core/socket.c line 769]
*** Starting uWSGI 2.0.11.2 (64bit) on [Sat Oct 10 20:36:48 2015] ***
compiled with version: 4.8.2 on 10 October 2015 19:54:16
os: Linux-3.16.0-30-generic #40~14.04.1-Ubuntu SMP Thu Jan 15 17:43:14 UTC 2015
nodename: itcast
machine: x86_64
clock source: unix
pcre jit disabled
detected number of CPU cores: 1
current working directory: /home/itcast/webo/The_Girl
writing pidfile to uwsgi.pid
detected binary path: /home/itcast/.virtualenvs/itcast/bin/uwsgi
chdir() to /home/itcast/webo/The_Girl
your processes number limit is 15701
your memory page size is 4096 bytes
detected max file descriptor number: 1024
lock engine: pthread robust mutexes
thunder lock: disabled (you can enable it with --thunder-lock)
bind(): Cannot assign requested address [core/socket.c line 769]
*** Starting uWSGI 2.0.11.2 (64bit) on [Sat Oct 10 20:37:43 2015] ***
compiled with version: 4.8.2 on 10 October 2015 19:54:16
os: Linux-3.16.0-30-generic #40~14.04.1-Ubuntu SMP Thu Jan 15 17:43:14 UTC 2015
nodename: itcast
machine: x86_64
clock source: unix
pcre jit disabled
detected number of CPU cores: 1
current working directory: /home/itcast/webo/The_Girl
writing pidfile to uwsgi.pid
detected binary path: /home/itcast/.virtualenvs/itcast/bin/uwsgi
chdir() to /home/itcast/webo/The_Girl
your processes number limit is 15701
your memory page size is 4096 bytes
detected max file descriptor number: 1024
lock engine: pthread robust mutexes
thunder lock: disabled (you can enable it with --thunder-lock)
bind(): Cannot assign requested address [core/socket.c line 769]
*** Starting uWSGI 2.0.11.2 (64bit) on [Sat Oct 10 20:39:21 2015] ***
compiled with version: 4.8.2 on 10 October 2015 19:54:16
os: Linux-3.16.0-30-generic #40~14.04.1-Ubuntu SMP Thu Jan 15 17:43:14 UTC 2015
nodename: itcast
machine: x86_64
clock source: unix
pcre jit disabled
detected number of CPU cores: 1
current working directory: /home/itcast/webo/The_Girl
writing pidfile to uwsgi.pid
detected binary path: /home/itcast/.virtualenvs/itcast/bin/uwsgi
chdir() to /home/itcast/webo/The_Girl
your processes number limit is 15701
your memory page size is 4096 bytes
detected max file descriptor number: 1024
lock engine: pthread robust mutexes
thunder lock: disabled (you can enable it with --thunder-lock)
bind(): Cannot assign requested address [core/socket.c line 769]
*** Starting uWSGI 2.0.11.2 (64bit) on [Sat Oct 10 20:40:22 2015] ***
compiled with version: 4.8.2 on 10 October 2015 19:54:16
os: Linux-3.16.0-30-generic #40~14.04.1-Ubuntu SMP Thu Jan 15 17:43:14 UTC 2015
nodename: itcast
machine: x86_64
clock source: unix
pcre jit disabled
detected number of CPU cores: 1
current working directory: /home/itcast/webo/The_Girl
writing pidfile to uwsgi.pid
detected binary path: /home/itcast/.virtualenvs/itcast/bin/uwsgi
chdir() to /home/itcast/webo/The_Girl
your processes number limit is 15701
your memory page size is 4096 bytes
detected max file descriptor number: 1024
lock engine: pthread robust mutexes
thunder lock: disabled (you can enable it with --thunder-lock)
bind(): Cannot assign requested address [core/socket.c line 769]
